epoch,acc,loss,val_acc,val_loss
0,0.768760000038,0.462964324131,0.846480000076,0.356639418135
1,0.902640000095,0.24995566864,0.845280000134,0.36275202034
2,0.932839999981,0.185488015885,0.836800000076,0.445605409107
3,0.949520000057,0.144014970031,0.830640000095,0.448224715405
4,0.9618,0.111358781047,0.827840000076,0.539624962215
5,0.973960000019,0.0784198163557,0.822680000134,0.598741931591
6,0.979680000038,0.0635552364969,0.816360000095,0.694382961912
7,0.984439999924,0.0488221731496,0.815480000019,0.675069455528
8,0.9842,0.0476386899906,0.811040000076,0.994487482738
9,0.98932,0.0345057139862,0.804720000019,1.01766805351
10,0.988479999943,0.0346820174015,0.810720000057,0.987077836685
11,0.99376,0.0214144643012,0.810360000095,1.07354532295
12,0.9902,0.0295683875951,0.811320000019,1.01960182316
13,0.99252,0.0247833880228,0.809960000019,1.08133008486
14,0.99028,0.0291905170591,0.803880000019,1.20971558762
15,0.99416,0.0193280191717,0.808760000076,1.06260985788
16,0.99712,0.0111655813074,0.807760000019,1.19976203238
17,0.99132,0.0255291675228,0.809320000134,1.19572290125
18,0.99,0.0282931809117,0.809880000076,0.970465401077
19,0.99496,0.0171458281314,0.809520000057,1.16445374699
20,0.99672,0.0114687572017,0.805440000057,1.37513310863
21,0.99904,0.00431049435358,0.809680000076,1.31764201666
22,0.99992,0.00083140895945,0.811320000095,1.50363514935
23,1.0,0.000304063410327,0.810840000134,1.55623837517
24,1.0,0.000197910804339,0.810400000134,1.58554871401
25,1.0,0.000145492402208,0.809560000076,1.65685355659
26,1.0,0.000111438407049,0.810120000134,1.69610758942
27,1.0,8.81487516826e-05,0.809520000134,1.73345523735
28,1.0,7.11902578629e-05,0.809400000134,1.76357233879
29,1.0,5.92877673364e-05,0.809680000134,1.78311708626
30,1.0,4.94547210494e-05,0.809280000134,1.78839142029
31,1.0,4.17494847067e-05,0.809320000134,1.83755214134
32,1.0,3.60708796722e-05,0.808880000134,1.83858827034
33,1.0,3.05861173536e-05,0.809240000019,1.8725188414
34,1.0,2.61335164637e-05,0.808760000076,1.87401273495
35,1.0,2.27313493739e-05,0.808640000019,1.91694101997
36,1.0,1.97976909921e-05,0.808760000134,1.92778304138
37,1.0,1.73070516148e-05,0.808480000019,1.95033398014
38,1.0,1.5052108579e-05,0.808600000076,1.94446358017
39,1.0,1.31921777443e-05,0.808280000019,1.97950136387
40,1.0,1.16530967131e-05,0.808640000134,1.98637535187
41,1.0,1.02229886597e-05,0.808080000076,1.99424322365
42,1.0,9.02637402134e-06,0.807960000019,2.02737893913
43,1.0,8.06207622085e-06,0.808040000019,2.03045560268
44,1.0,7.11669290202e-06,0.807680000019,2.0534975079
45,1.0,6.29266128883e-06,0.807640000019,2.05940637718
46,1.0,5.54420692293e-06,0.807280000095,2.08298811939
47,1.0,4.98857846131e-06,0.807440000076,2.07455579571
48,1.0,4.39830645628e-06,0.807640000076,2.07957310863
49,1.0,3.94218655012e-06,0.807360000076,2.09675906757
50,1.0,3.50383860874e-06,0.807040000019,2.12509947662
51,1.0,3.13258700797e-06,0.806920000057,2.13677533417
52,1.0,2.80020640559e-06,0.806920000019,2.14309887505
53,1.0,2.50364899548e-06,0.806920000019,2.14904194977
54,1.0,2.22746011272e-06,0.806480000019,2.16520612316
55,1.0,2.01675688557e-06,0.806600000076,2.16845661308
56,1.0,1.81026727452e-06,0.806480000019,2.18299684097
57,1.0,1.61033755925e-06,0.806480000019,2.18891223316
58,1.0,1.4440489011e-06,0.806080000057,2.21940459427
59,1.0,1.29517931131e-06,0.806040000019,2.2055254081
60,1.0,1.17076993294e-06,0.805360000019,2.24642720661
61,1.0,1.05106615646e-06,0.805760000057,2.23969376171
62,1.0,9.5546598669e-07,0.805600000019,2.24879223892
63,1.0,8.63285363303e-07,0.805440000019,2.26354391933
64,1.0,7.84072588467e-07,0.805200000057,2.27324724785
65,1.0,7.09189464133e-07,0.805160000076,2.28654607887
66,1.0,6.45324348261e-07,0.804640000019,2.29663505001
67,1.0,5.87356853662e-07,0.805120000076,2.28767835175
68,1.0,5.36788285317e-07,0.804440000019,2.31187527863
69,1.0,4.92268451981e-07,0.804320000076,2.32177192558
70,1.0,4.48338259939e-07,0.804360000076,2.31860070744
71,1.0,4.13962237537e-07,0.804080000076,2.34039612175
72,1.0,3.80453008129e-07,0.804440000076,2.34273467796
73,1.0,3.52852830474e-07,0.803880000076,2.35038247681
74,1.0,3.23904199431e-07,0.803920000019,2.36761796913
75,1.0,3.00162046333e-07,0.803520000134,2.3725292968
76,1.0,2.79782342168e-07,0.803400000076,2.37971819038
77,1.0,2.61388701656e-07,0.803560000019,2.39810322865
78,1.0,2.44969887799e-07,0.803040000134,2.38528959938
79,1.0,2.28642849652e-07,0.803040000134,2.39083633579
80,1.0,2.15977909779e-07,0.803240000076,2.41148323074
81,1.0,2.04035269353e-07,0.803200000134,2.4184953476
82,1.0,1.94002313901e-07,0.803000000134,2.41579504036
83,1.0,1.84590904073e-07,0.802800000134,2.42913889717
84,1.0,1.76166113706e-07,0.802120000076,2.45193138042
85,1.0,1.6923184385e-07,0.802760000134,2.44253344261
86,1.0,1.62776696761e-07,0.802400000076,2.45834596527
87,1.0,1.563264277e-07,0.802280000076,2.46537100998
88,1.0,1.5075518143e-07,0.802320000134,2.47117865776
89,1.0,1.4617888407e-07,0.802440000134,2.47282186413
90,1.0,1.41704072212e-07,0.802160000076,2.48724189285
91,1.0,1.38145368537e-07,0.802240000134,2.48556154678
92,1.0,1.34981002107e-07,0.801520000076,2.50427307823
93,1.0,1.32064529248e-07,0.801880000076,2.50662922478
94,1.0,1.29325619628e-07,0.801360000076,2.5193648571
95,1.0,1.27109968689e-07,0.801560000076,2.51261513634
96,1.0,1.25163538803e-07,0.801560000076,2.53226169243
97,1.0,1.23174708704e-07,0.801320000134,2.53212585625
98,1.0,1.21576528318e-07,0.801560000134,2.53907812622
99,1.0,1.20785644858e-07,0.801400000134,2.54971092133
